<?xml version="1.0" encoding="UTF-8"?>
<!-- Generated by org.testng.reporters.JUnitXMLReporter -->
<testsuite hostname="DESKTOP-6HTCB4G" ignored="0" name="Test" tests="7" failures="1" timestamp="11 Nov 2021 05:16:15 GMT" time="39.439" errors="0">
  <testcase name="testA1" time="0.0" classname="org.run.Rerun"/>
  <testcase name="testA2" time="4.003" classname="org.run.Rerun">
    <skipped/>
  </testcase> <!-- testA2 -->
  <testcase name="testA2" time="2.44" classname="org.run.Rerun">
    <skipped/>
  </testcase> <!-- testA2 -->
  <testcase name="testA2" time="13.464" classname="org.run.Rerun">
    <skipped/>
  </testcase> <!-- testA2 -->
  <testcase name="testA2" time="12.228" classname="org.run.Rerun">
    <skipped/>
  </testcase> <!-- testA2 -->
  <testcase name="testA2" time="2.918" classname="org.run.Rerun">
    <failure type="java.lang.AssertionError" message="The following asserts failed:
	invalid username expected [un] but found [ArunArun]">
      <![CDATA[java.lang.AssertionError: The following asserts failed:
invalid username expected [un] but found [ArunArun]
at org.run.Rerun.testA2(Rerun.java:43)
... Removed 26 stack frames]]>
    </failure>
  </testcase> <!-- testA2 -->
  <testcase name="testA3" time="0.0" classname="org.run.Rerun"/>
</testsuite> <!-- Test -->
